<?xml version="1.0" encoding="UTF-8"?>
<testsuite xmlns:xsi="http://www.w3.org/2001/XMLSchema-instance" xsi:noNamespaceSchemaLocation="https://maven.apache.org/surefire/maven-surefire-plugin/xsd/surefire-test-report-3.0.xsd" version="3.0" name="com.backend.SpringSecurityLatestApplicationTests" time="8.047" tests="1" errors="0" skipped="0" failures="0">
  <properties>
[...]
</properties>
  <testcase name="contextLoads" classname="com.backend.SpringSecurityLatestApplicationTests" time="0.541">
    <system-out><![CDATA[19:21:18.652 [main] INFO org.springframework.test.context.support.AnnotationConfigContextLoaderUtils -- Could not detect default configuration classes for test class [com.backend.SpringSecurityLatestApplicationTests]: SpringSecurityLatestApplicationTests does not declare any static, non-private, non-final, nested classes annotated with @Configuration.
19:21:18.758 [main] INFO org.springframework.boot.test.context.SpringBootTestContextBootstrapper -- Found @SpringBootConfiguration com.backend.SpringSecurityLatestApplication for test class com.backend.SpringSecurityLatestApplicationTests

  .   ____          _            __ _ _
 /\\ / ___'_ __ _ _(_)_ __  __ _ \ \ \ \
( ( )\___ | '_ | '_| | '_ \/ _` | \ \ \ \
 \\/  ___)| |_)| | | | | || (_| |  ) ) ) )
  '  |____| .__|_| |_|_| |_\__, | / / / /
 =========|_|==============|___/=/_/_/_/
 :: Spring Boot ::                (v3.1.4)

2024-08-12T19:21:19.311+07:00  INFO 5816 --- [           main] c.b.SpringSecurityLatestApplicationTests : Starting SpringSecurityLatestApplicationTests using Java 17.0.12 with PID 5816 (started by xtruo in D:\Project\DATN_SU24_SD-31\DATN_SD-31_BE_Hyper-Sneakers)
2024-08-12T19:21:19.314+07:00  INFO 5816 --- [           main] c.b.SpringSecurityLatestApplicationTests : No active profile set, falling back to 1 default profile: "default"
2024-08-12T19:21:20.217+07:00  INFO 5816 --- [           main] .s.d.r.c.RepositoryConfigurationDelegate : Bootstrapping Spring Data JPA repositories in DEFAULT mode.
2024-08-12T19:21:20.400+07:00  INFO 5816 --- [           main] .s.d.r.c.RepositoryConfigurationDelegate : Finished Spring Data repository scanning in 169 ms. Found 31 JPA repository interfaces.
2024-08-12T19:21:21.030+07:00  INFO 5816 --- [           main] o.hibernate.jpa.internal.util.LogHelper  : HHH000204: Processing PersistenceUnitInfo [name: default]
2024-08-12T19:21:21.090+07:00  INFO 5816 --- [           main] org.hibernate.Version                    : HHH000412: Hibernate ORM core version 6.2.9.Final
2024-08-12T19:21:21.092+07:00  INFO 5816 --- [           main] org.hibernate.cfg.Environment            : HHH000406: Using bytecode reflection optimizer
2024-08-12T19:21:21.302+07:00  INFO 5816 --- [           main] o.h.b.i.BytecodeProviderInitiator        : HHH000021: Bytecode provider name : bytebuddy
2024-08-12T19:21:21.431+07:00  INFO 5816 --- [           main] o.s.o.j.p.SpringPersistenceUnitInfo      : No LoadTimeWeaver setup: ignoring JPA class transformer
2024-08-12T19:21:21.451+07:00  INFO 5816 --- [           main] com.zaxxer.hikari.HikariDataSource       : HikariPool-1 - Starting...
2024-08-12T19:21:21.795+07:00  INFO 5816 --- [           main] com.zaxxer.hikari.pool.HikariPool        : HikariPool-1 - Added connection ConnectionID:1 ClientConnectionId: 674944b3-2f13-4a9e-9e74-01e887e69a3b
2024-08-12T19:21:21.798+07:00  INFO 5816 --- [           main] com.zaxxer.hikari.HikariDataSource       : HikariPool-1 - Start completed.
2024-08-12T19:21:22.370+07:00  INFO 5816 --- [           main] o.h.b.i.BytecodeProviderInitiator        : HHH000021: Bytecode provider name : bytebuddy
2024-08-12T19:21:23.536+07:00  INFO 5816 --- [           main] o.h.e.t.j.p.i.JtaPlatformInitiator       : HHH000490: Using JtaPlatform implementation: [org.hibernate.engine.transaction.jta.platform.internal.NoJtaPlatform]
2024-08-12T19:21:23.539+07:00  INFO 5816 --- [           main] j.LocalContainerEntityManagerFactoryBean : Initialized JPA EntityManagerFactory for persistence unit 'default'
2024-08-12T19:21:23.979+07:00  INFO 5816 --- [           main] o.s.d.j.r.query.QueryEnhancerFactory     : Hibernate is in classpath; If applicable, HQL parser will be used.
2024-08-12T19:21:25.352+07:00  WARN 5816 --- [           main] JpaBaseConfiguration$JpaWebConfiguration : spring.jpa.open-in-view is enabled by default. Therefore, database queries may be performed during view rendering. Explicitly configure spring.jpa.open-in-view to disable this warning
2024-08-12T19:21:25.822+07:00  INFO 5816 --- [           main] c.b.SpringSecurityLatestApplicationTests : Started SpringSecurityLatestApplicationTests in 6.856 seconds (process running for 7.981)
]]></system-out>
  </testcase>
</testsuite>